<?xml version="1.0" encoding="UTF-8"?>
<!-- Generated by org.testng.reporters.JUnitReportReporter -->
<testsuite hostname="DESKTOP-KIBHVTP" failures="0" tests="1" name="demo.Sample" time="0.023" errors="0" timestamp="2022-12-21T00:38:10 IST" skipped="0">
  <testcase classname="demo.Sample" name="sampleTest" time="0.023"/>
  <system-out/>
</testsuite> <!-- demo.Sample -->
