<?xml version="1.0" encoding="UTF-8"?>
<!-- Generated by org.testng.reporters.JUnitReportReporter -->
<testsuite hostname="DESKTOP-KIBHVTP" failures="0" tests="1" name="DemoMain.GenericSample" time="0.012" errors="0" timestamp="2022-12-21T23:39:44 IST" skipped="0">
  <testcase classname="DemoMain.GenericSample" name="gSample" time="0.012"/>
  <system-out/>
</testsuite> <!-- DemoMain.GenericSample -->
